2026-02-18 00:33:01,034 | INFO | devotion_app | GET http://127.0.0.1:8000/
2026-02-18 00:33:01,037 | INFO | devotion_app | Status: 200
2026-02-18 00:34:52,104 | INFO | devotion_app | 
2026-02-18 00:34:53,606 | INFO | devotion_app | De
2026-02-18 00:35:03,361 | INFO | devotion_app | Demarage de l'application
2026-02-18 00:35:10,973 | INFO | devotion_app | GET http://127.0.0.1:8000/
2026-02-18 00:35:10,977 | INFO | devotion_app | Status: 200
2026-02-18 00:35:13,612 | INFO | devotion_app | GET http://127.0.0.1:8000/
2026-02-18 00:35:13,613 | INFO | devotion_app | Status: 200
2026-02-18 00:37:00,553 | INFO | devotion_app | Demarage de l'application
2026-02-18 00:37:57,292 | INFO | devotion_app | Demarage de l'application
2026-02-18 00:38:00,202 | INFO | devotion_app | Demarage de l'application
2026-02-18 00:38:10,566 | INFO | devotion_app | Demarage de l'application
2026-02-18 00:38:52,698 | INFO | devotion_app | GET http://127.0.0.1:8000/   200
2026-02-18 02:00:51,762 | ERROR | devotion_app | erreur lors de l'accès à la base de donnée 
 message: Empty host (or extra comma in host list) 

2026-02-18 02:03:01,240 | ERROR | devotion_app | erreur lors de l'accès à la base de donnée 
 message: Empty host (or extra comma in host list) 

2026-02-18 02:03:03,473 | ERROR | devotion_app | erreur lors de l'accès à la base de donnée 
 message: Empty host (or extra comma in host list) 

2026-02-18 02:03:07,118 | ERROR | devotion_app | erreur lors de l'accès à la base de donnée 
 message: Empty host (or extra comma in host list) 

2026-02-18 02:03:08,519 | ERROR | devotion_app | erreur lors de l'accès à la base de donnée 
 message: Empty host (or extra comma in host list) 

2026-02-18 02:03:09,912 | ERROR | devotion_app | erreur lors de l'accès à la base de donnée 
 message: Empty host (or extra comma in host list) 

2026-02-18 02:03:09,912 | ERROR | devotion_app | 
2026-02-18 02:03:19,922 | ERROR | devotion_app | erreur lors de l'accès à la base de donnée 
 message: Empty host (or extra comma in host list) 

2026-02-18 02:03:19,923 | ERROR | devotion_app | impossible de 
2026-02-18 02:03:30,464 | ERROR | devotion_app | erreur lors de l'accès à la base de donnée 
 message: Empty host (or extra comma in host list) 

2026-02-18 02:03:30,465 | ERROR | devotion_app | impossible de se connecter à la database
2026-02-18 02:03:33,037 | ERROR | devotion_app | erreur lors de l'accès à la base de donnée 
 message: Empty host (or extra comma in host list) 

2026-02-18 02:03:33,038 | ERROR | devotion_app | impossible de se connecter à la database
2026-02-18 02:03:35,705 | ERROR | devotion_app | erreur lors de l'accès à la base de donnée 
 message: Empty host (or extra comma in host list) 

2026-02-18 02:03:35,705 | ERROR | devotion_app | impossible de se connecter à la database
2026-02-18 02:03:37,889 | ERROR | devotion_app | erreur lors de l'accès à la base de donnée 
 message: Empty host (or extra comma in host list) 

2026-02-18 02:03:37,889 | ERROR | devotion_app | impossible de se connecter à la database
2026-02-18 02:04:50,773 | ERROR | devotion_app | erreur lors de l'accès à la base de donnée 
 message: Empty host (or extra comma in host list) 

2026-02-18 02:04:50,774 | ERROR | devotion_app | impossible de se connecter à la database
2026-02-18 02:04:58,267 | ERROR | devotion_app | erreur lors de l'accès à la base de donnée 
 message: Empty host (or extra comma in host list) 

2026-02-18 02:05:05,867 | ERROR | devotion_app | erreur lors de l'accès à la base de donnée 
 message: Empty host (or extra comma in host list) 

2026-02-18 02:08:43,743 | ERROR | devotion_app | erreur lors de l'accès à la base de donnée 
 message: Empty host (or extra comma in host list) 

2026-02-18 02:08:45,033 | ERROR | devotion_app | erreur lors de l'accès à la base de donnée 
 message: Empty host (or extra comma in host list) 

2026-02-18 02:09:56,411 | ERROR | devotion_app | erreur lors de l'accès à la base de donnée 
 message: Empty host (or extra comma in host list) 

2026-02-18 02:10:00,943 | ERROR | devotion_app | erreur lors de l'accès à la base de donnée 
 message: Empty host (or extra comma in host list) 

2026-02-18 02:10:22,648 | ERROR | devotion_app | erreur lors de l'accès à la base de donnée 
 message: Empty host (or extra comma in host list) 

2026-02-18 02:10:52,188 | ERROR | devotion_app | erreur lors de l'accès à la base de donnée 
 message: Empty host (or extra comma in host list) 

2026-02-18 02:11:20,763 | ERROR | devotion_app | erreur lors de l'accès à la base de donnée 
 message: Empty host (or extra comma in host list) 

2026-02-18 02:11:28,177 | ERROR | devotion_app | erreur lors de l'accès à la base de donnée 
 message: Empty host (or extra comma in host list) 

2026-02-18 02:11:34,687 | ERROR | devotion_app | erreur lors de l'accès à la base de donnée 
 message: Empty host (or extra comma in host list) 

2026-02-18 02:42:21,530 | ERROR | fastapi | Form data requires "python-multipart" to be installed. 
You can install "python-multipart" with: 

pip install python-multipart

2026-02-18 02:43:26,199 | INFO | devotion_app | Demarage de l'application
2026-02-18 02:43:45,494 | INFO | devotion_app | GET http://127.0.0.1:8000/   200
2026-02-18 02:44:02,647 | INFO | devotion_app | GET http://127.0.0.1:8000/auth/login   405
2026-02-18 02:49:17,170 | INFO | devotion_app | POST http://localhost:8000/auth/login   422
2026-02-18 02:50:20,804 | INFO | devotion_app | POST http://localhost:8000/auth/login   422
2026-02-18 02:50:41,899 | INFO | devotion_app | POST http://localhost:8000/auth/login   422
2026-02-18 02:51:45,701 | INFO | devotion_app | POST http://localhost:8000/auth/login   422
2026-02-18 02:52:46,117 | INFO | devotion_app | POST http://localhost:8000/auth/login   422
2026-02-18 02:53:46,086 | INFO | devotion_app | POST http://localhost:8000/auth/login   422
2026-02-18 02:54:55,294 | INFO | devotion_app | POST http://localhost:8000/auth/login   422
2026-02-18 02:57:29,450 | INFO | devotion_app | POST http://localhost:8000/auth/login   401
2026-02-18 02:58:29,376 | INFO | devotion_app | Demarage de l'application
2026-02-18 02:58:32,244 | INFO | devotion_app | POST http://localhost:8000/auth/login   401
2026-02-18 02:59:51,883 | INFO | devotion_app | Demarage de l'application
2026-02-18 02:59:58,368 | INFO | devotion_app | POST http://localhost:8000/auth/login   422
2026-02-18 03:00:27,512 | INFO | devotion_app | POST http://localhost:8000/auth/login   401
2026-02-18 03:01:20,635 | INFO | devotion_app | POST http://localhost:8000/auth/login   422
2026-02-18 03:01:31,789 | INFO | devotion_app | POST http://localhost:8000/auth/login   422
2026-02-18 03:01:46,639 | INFO | devotion_app | POST http://localhost:8000/auth/login   422
2026-02-18 03:02:57,363 | INFO | devotion_app | POST http://localhost:8000/auth/login   422
2026-02-18 03:03:03,964 | INFO | devotion_app | POST http://localhost:8000/auth/login   422
2026-02-18 03:03:43,870 | INFO | devotion_app | POST http://localhost:8000/auth/login   422
2026-02-18 03:06:10,606 | INFO | devotion_app | Demarage de l'application
2026-02-18 03:06:16,734 | INFO | devotion_app | Demarage de l'application
2026-02-18 03:06:19,507 | INFO | devotion_app | Demarage de l'application
2026-02-18 03:06:33,251 | INFO | devotion_app | POST http://localhost:8000/auth/login   422
2026-02-18 03:07:50,170 | INFO | devotion_app | POST http://localhost:8000/auth/login   401
2026-02-18 03:08:09,746 | INFO | devotion_app | POST http://localhost:8000/auth/login   422
2026-02-18 03:10:57,629 | INFO | devotion_app | POST http://localhost:8000/auth/login   422
2026-02-18 03:13:02,475 | INFO | devotion_app | GET http://127.0.0.1:8000/   200
2026-02-18 03:13:10,761 | INFO | devotion_app | GET http://127.0.0.1:8000/docs   200
2026-02-18 03:13:11,202 | INFO | devotion_app | GET http://127.0.0.1:8000/openapi.json   200
2026-02-18 03:13:45,272 | INFO | devotion_app | POST http://127.0.0.1:8000/auth/login   401
2026-02-18 03:18:20,167 | INFO | devotion_app | GET http://127.0.0.1:8000/openapi.json   200
2026-02-18 03:20:34,287 | INFO | devotion_app | Demarage de l'application
2026-02-18 03:20:41,903 | INFO | devotion_app | Demarage de l'application
2026-02-18 03:20:46,933 | INFO | devotion_app | GET http://127.0.0.1:8000/docs   200
2026-02-18 03:20:47,311 | INFO | devotion_app | GET http://127.0.0.1:8000/openapi.json   200
2026-02-18 03:21:27,613 | INFO | devotion_app | POST http://127.0.0.1:8000/auth/login   401
2026-02-18 03:22:31,041 | INFO | devotion_app | Demarage de l'application
2026-02-18 03:22:33,957 | INFO | devotion_app | GET http://127.0.0.1:8000/docs   200
2026-02-18 03:22:34,141 | INFO | devotion_app | GET http://127.0.0.1:8000/openapi.json   200
2026-02-18 03:23:05,153 | INFO | devotion_app | POST http://127.0.0.1:8000/auth/login   422
2026-02-18 03:23:07,215 | INFO | devotion_app | POST http://127.0.0.1:8000/auth/login   422
2026-02-18 13:31:36,934 | INFO | devotion_app | Demarage de l'application
2026-02-18 13:31:41,354 | INFO | devotion_app | Demarage de l'application
2026-02-18 13:56:32,787 | INFO | devotion_app | Demarage de l'application
2026-02-18 13:56:46,755 | INFO | devotion_app | Demarage de l'application
2026-02-18 13:56:50,035 | INFO | devotion_app | Demarage de l'application
2026-02-18 13:56:54,483 | INFO | devotion_app | Demarage de l'application
2026-02-18 13:56:56,916 | INFO | devotion_app | Demarage de l'application
2026-02-18 13:57:14,804 | INFO | devotion_app | Demarage de l'application
2026-02-18 13:58:03,163 | INFO | devotion_app | Demarage de l'application
2026-02-18 13:58:08,101 | INFO | devotion_app | Demarage de l'application
2026-02-18 13:58:10,562 | INFO | devotion_app | Demarage de l'application
2026-02-18 13:59:01,840 | INFO | devotion_app | Demarage de l'application
2026-02-18 13:59:21,743 | INFO | devotion_app | Demarage de l'application
2026-02-18 14:02:00,627 | INFO | devotion_app | Demarage de l'application
2026-02-18 14:02:07,220 | INFO | devotion_app | Demarage de l'application
2026-02-18 14:02:11,471 | INFO | devotion_app | Demarage de l'application
2026-02-18 14:02:15,421 | INFO | devotion_app | Demarage de l'application
2026-02-18 14:02:37,792 | INFO | devotion_app | Demarage de l'application
2026-02-18 14:03:35,642 | INFO | devotion_app | Demarage de l'application
2026-02-18 14:03:38,983 | INFO | devotion_app | Demarage de l'application
2026-02-18 14:03:48,697 | INFO | devotion_app | Demarage de l'application
2026-02-18 14:05:39,966 | INFO | devotion_app | Demarage de l'application
2026-02-18 14:05:53,386 | INFO | devotion_app | Demarage de l'application
2026-02-18 14:05:58,369 | INFO | devotion_app | GET http://127.0.0.1:8000/docs   200
2026-02-18 14:05:58,727 | INFO | devotion_app | GET http://127.0.0.1:8000/openapi.json   200
2026-02-18 14:08:15,293 | INFO | devotion_app | Demarage de l'application
2026-02-18 14:08:21,095 | INFO | devotion_app | Demarage de l'application
2026-02-18 14:08:24,649 | INFO | devotion_app | Demarage de l'application
2026-02-18 14:09:57,078 | INFO | devotion_app | Demarage de l'application
2026-02-18 14:10:03,084 | INFO | devotion_app | Demarage de l'application
2026-02-18 14:10:12,114 | INFO | devotion_app | Demarage de l'application
2026-02-18 14:10:17,197 | INFO | devotion_app | Demarage de l'application
2026-02-18 14:10:19,411 | INFO | devotion_app | Demarage de l'application
2026-02-18 14:10:28,100 | INFO | devotion_app | Demarage de l'application
2026-02-18 14:10:31,099 | INFO | devotion_app | Demarage de l'application
2026-02-18 14:10:35,561 | INFO | devotion_app | Demarage de l'application
2026-02-18 14:10:41,009 | INFO | devotion_app | Demarage de l'application
2026-02-18 14:10:43,186 | INFO | devotion_app | Demarage de l'application
2026-02-18 14:10:50,632 | INFO | devotion_app | Demarage de l'application
2026-02-18 14:11:43,838 | INFO | devotion_app | Demarage de l'application
2026-02-18 14:11:46,899 | INFO | devotion_app | Demarage de l'application
2026-02-18 14:11:49,631 | INFO | devotion_app | Demarage de l'application
2026-02-18 14:11:55,047 | INFO | devotion_app | Demarage de l'application
2026-02-18 14:12:03,595 | INFO | devotion_app | Demarage de l'application
2026-02-18 14:12:05,883 | INFO | devotion_app | Demarage de l'application
2026-02-18 14:12:57,976 | INFO | devotion_app | Demarage de l'application
2026-02-18 14:13:01,650 | INFO | devotion_app | Demarage de l'application
2026-02-18 14:13:07,125 | INFO | devotion_app | Demarage de l'application
2026-02-18 14:13:13,797 | INFO | devotion_app | Demarage de l'application
2026-02-18 14:13:16,395 | INFO | devotion_app | Demarage de l'application
2026-02-18 14:13:48,988 | INFO | devotion_app | Demarage de l'application
2026-02-18 14:13:51,487 | INFO | devotion_app | Demarage de l'application
2026-02-18 14:16:09,014 | INFO | devotion_app | GET http://127.0.0.1:8000/docs   200
2026-02-18 14:16:09,364 | INFO | devotion_app | GET http://127.0.0.1:8000/openapi.json   200
2026-02-18 14:19:22,757 | INFO | devotion_app | Demarage de l'application
2026-02-18 14:19:26,127 | INFO | devotion_app | Demarage de l'application
2026-02-18 14:19:28,620 | INFO | devotion_app | Demarage de l'application
2026-02-18 14:19:33,719 | INFO | devotion_app | Demarage de l'application
2026-02-18 14:19:54,454 | INFO | devotion_app | Demarage de l'application
2026-02-18 14:19:56,625 | INFO | devotion_app | Demarage de l'application
2026-02-18 14:20:03,878 | INFO | devotion_app | Demarage de l'application
2026-02-18 14:20:07,885 | INFO | devotion_app | Demarage de l'application
2026-02-18 14:20:35,227 | INFO | devotion_app | Demarage de l'application
2026-02-18 14:21:27,160 | INFO | devotion_app | Demarage de l'application
2026-02-18 14:23:07,040 | INFO | devotion_app | GET http://127.0.0.1:8000/docs   200
2026-02-18 14:23:07,388 | INFO | devotion_app | GET http://127.0.0.1:8000/openapi.json   200
2026-02-18 14:25:28,570 | INFO | devotion_app | Demarage de l'application
2026-02-18 14:25:34,652 | INFO | devotion_app | Demarage de l'application
2026-02-18 14:25:40,390 | INFO | devotion_app | Demarage de l'application
2026-02-18 14:26:17,421 | INFO | devotion_app | Demarage de l'application
2026-02-18 14:26:30,200 | INFO | devotion_app | Demarage de l'application
2026-02-18 14:26:40,409 | INFO | devotion_app | Demarage de l'application
2026-02-18 14:26:45,127 | INFO | devotion_app | Demarage de l'application
2026-02-18 14:26:54,323 | INFO | devotion_app | Demarage de l'application
2026-02-18 14:26:59,699 | INFO | devotion_app | Demarage de l'application
2026-02-18 14:27:02,590 | INFO | devotion_app | Demarage de l'application
2026-02-18 14:27:09,884 | INFO | devotion_app | Demarage de l'application
2026-02-18 14:27:12,390 | INFO | devotion_app | Demarage de l'application
2026-02-18 14:27:18,444 | INFO | devotion_app | Demarage de l'application
2026-02-18 14:27:25,296 | INFO | devotion_app | Demarage de l'application
2026-02-18 14:27:29,483 | INFO | devotion_app | Demarage de l'application
2026-02-18 14:27:32,518 | INFO | devotion_app | Demarage de l'application
2026-02-18 14:27:50,585 | INFO | devotion_app | Demarage de l'application
2026-02-18 14:29:49,949 | INFO | devotion_app | Demarage de l'application
2026-02-18 14:29:52,923 | INFO | devotion_app | Demarage de l'application
2026-02-18 14:29:58,738 | INFO | devotion_app | Demarage de l'application
2026-02-18 14:30:03,928 | INFO | devotion_app | Demarage de l'application
2026-02-18 14:30:23,476 | INFO | devotion_app | Demarage de l'application
2026-02-18 14:30:26,971 | INFO | devotion_app | Demarage de l'application
2026-02-18 14:30:36,808 | INFO | devotion_app | Demarage de l'application
2026-02-18 15:06:48,079 | INFO | devotion_app | Demarage de l'application
2026-02-18 15:06:55,371 | INFO | devotion_app | Demarage de l'application
2026-02-18 15:07:16,785 | INFO | devotion_app | Demarage de l'application
2026-02-18 15:07:23,542 | INFO | devotion_app | Demarage de l'application
2026-02-18 15:18:29,331 | INFO | devotion_app | Demarage de l'application
2026-02-18 15:18:36,393 | INFO | devotion_app | Demarage de l'application
2026-02-18 15:18:42,329 | INFO | devotion_app | Demarage de l'application
2026-02-18 15:18:52,215 | INFO | devotion_app | Demarage de l'application
2026-02-18 15:18:56,202 | INFO | devotion_app | Demarage de l'application
2026-02-18 15:18:58,442 | INFO | devotion_app | Demarage de l'application
2026-02-18 15:19:09,074 | INFO | devotion_app | GET http://127.0.0.1:8000/docs   200
2026-02-18 15:19:09,534 | INFO | devotion_app | GET http://127.0.0.1:8000/openapi.json   200
2026-02-18 15:19:46,823 | INFO | devotion_app | POST http://127.0.0.1:8000/user/create   401
2026-02-18 15:22:01,270 | INFO | devotion_app | Demarage de l'application
2026-02-18 15:22:14,832 | INFO | devotion_app | GET http://127.0.0.1:8000/docs   200
2026-02-18 15:22:15,163 | INFO | devotion_app | GET http://127.0.0.1:8000/openapi.json   200
2026-02-18 15:23:54,829 | INFO | devotion_app | Demarage de l'application
2026-02-18 15:25:43,154 | INFO | devotion_app | Demarage de l'application
2026-02-18 15:25:47,952 | INFO | devotion_app | Demarage de l'application
2026-02-18 15:28:22,017 | INFO | devotion_app | Demarage de l'application
2026-02-18 15:28:36,247 | INFO | devotion_app | Demarage de l'application
2026-02-18 15:28:38,247 | INFO | devotion_app | GET http://127.0.0.1:8000/docs   200
2026-02-18 15:28:38,651 | INFO | devotion_app | GET http://127.0.0.1:8000/openapi.json   200
2026-02-18 15:28:51,436 | INFO | devotion_app | POST http://127.0.0.1:8000/user/create   401
2026-02-18 15:29:14,548 | INFO | devotion_app | Demarage de l'application
2026-02-18 15:29:17,134 | INFO | devotion_app | Demarage de l'application
2026-02-18 15:29:24,579 | INFO | devotion_app | Demarage de l'application
2026-02-18 15:29:26,832 | INFO | devotion_app | Demarage de l'application
2026-02-18 15:29:30,915 | INFO | devotion_app | Demarage de l'application
2026-02-18 15:32:41,527 | INFO | devotion_app | Demarage de l'application
2026-02-18 15:34:10,229 | INFO | devotion_app | GET http://127.0.0.1:8000/docs   200
2026-02-18 15:34:10,569 | INFO | devotion_app | GET http://127.0.0.1:8000/openapi.json   200
2026-02-18 15:35:02,880 | INFO | devotion_app | POST http://127.0.0.1:8000/user/create   200
2026-02-18 15:40:02,600 | INFO | devotion_app | POST http://127.0.0.1:8000/user/create   200
2026-02-18 15:42:16,998 | INFO | devotion_app | Demarage de l'application
2026-02-18 15:42:23,125 | INFO | devotion_app | Demarage de l'application
2026-02-18 15:48:44,249 | INFO | devotion_app | Demarage de l'application
2026-02-18 15:48:51,510 | INFO | devotion_app | Demarage de l'application
2026-02-18 15:48:53,693 | INFO | devotion_app | Demarage de l'application
2026-02-18 15:48:56,672 | INFO | devotion_app | Demarage de l'application
2026-02-18 15:49:04,123 | INFO | devotion_app | Demarage de l'application
2026-02-18 15:49:07,190 | INFO | devotion_app | Demarage de l'application
2026-02-18 15:49:09,182 | INFO | devotion_app | Demarage de l'application
2026-02-18 15:49:45,131 | INFO | devotion_app | Demarage de l'application
2026-02-18 15:49:47,599 | INFO | devotion_app | Demarage de l'application
2026-02-18 15:49:56,748 | INFO | devotion_app | Demarage de l'application
2026-02-18 15:49:58,759 | INFO | devotion_app | Demarage de l'application
2026-02-18 15:50:17,776 | INFO | devotion_app | Demarage de l'application
2026-02-18 15:50:19,621 | INFO | devotion_app | Demarage de l'application
2026-02-18 15:50:27,151 | INFO | devotion_app | Demarage de l'application
2026-02-18 15:50:34,908 | INFO | devotion_app | Demarage de l'application
2026-02-18 15:50:41,787 | INFO | devotion_app | Demarage de l'application
2026-02-18 15:51:11,757 | INFO | devotion_app | POST http://127.0.0.1:8000/user/create   200
2026-02-18 15:52:23,735 | INFO | devotion_app | Demarage de l'application
2026-02-18 15:55:31,548 | INFO | devotion_app | Demarage de l'application
2026-02-18 15:55:57,830 | INFO | devotion_app | Demarage de l'application
2026-02-18 15:55:59,701 | INFO | devotion_app | Demarage de l'application
2026-02-18 15:58:50,277 | INFO | devotion_app | Demarage de l'application
2026-02-18 15:58:55,781 | INFO | devotion_app | Demarage de l'application
2026-02-18 15:59:08,415 | INFO | devotion_app | POST http://127.0.0.1:8000/auth/login   200
